<?xml version="1.0" encoding="UTF-8"?>
<!-- Generated by org.testng.reporters.JUnitReportReporter -->
<testsuite hostname="TestVagrants-MacBook-Pro.local" failures="0" tests="1" name="E2E.DummyAPI.Posts.DeletePostByValidId.DeletePostById" time="1.178" errors="0" timestamp="2022-10-10T13:35:25 IST" skipped="0">
  <testcase classname="E2E.DummyAPI.Posts.DeletePostByValidId.DeletePostById" name="deletePostById" time="1.178"/>
  <system-out/>
</testsuite> <!-- E2E.DummyAPI.Posts.DeletePostByValidId.DeletePostById -->
