<?xml version="1.0" encoding="UTF-8"?>
<!-- Generated by org.testng.reporters.JUnitReportReporter -->
<testsuite hostname="TestVagrants-MacBook-Pro.local" failures="0" tests="1" name="Capstone.DummyAPI.Users.UpdateUserDetails.UpdateUserDetails" time="0.384" errors="0" timestamp="2022-10-12T10:50:57 IST" skipped="0">
  <testcase classname="Capstone.DummyAPI.Users.UpdateUserDetails.UpdateUserDetails" name="UpdateUser" time="0.384"/>
  <system-out/>
</testsuite> <!-- Capstone.DummyAPI.Users.UpdateUserDetails.UpdateUserDetails -->
