<?xml version="1.0" encoding="UTF-8"?>
<!-- Generated by org.testng.reporters.JUnitReportReporter -->
<testsuite hostname="TestVagrants-MacBook-Pro.local" failures="0" tests="1" name="Capstone.DummyAPI.Posts.DeletePostByValidId.DeletePostById" time="1.083" errors="0" timestamp="2022-10-12T10:50:57 IST" skipped="0">
  <testcase classname="Capstone.DummyAPI.Posts.DeletePostByValidId.DeletePostById" name="deletePostById" time="1.083"/>
  <system-out/>
</testsuite> <!-- Capstone.DummyAPI.Posts.DeletePostByValidId.DeletePostById -->
