<?xml version="1.0" encoding="UTF-8"?>
<!-- Generated by org.testng.reporters.JUnitReportReporter -->
<testsuite hostname="TestVagrants-MacBook-Pro.local" failures="0" tests="1" name="E2E.DummyAPI.Posts.CreateNewPost.CreateNewPost" time="2.010" errors="0" timestamp="2022-10-10T13:35:25 IST" skipped="0">
  <testcase classname="E2E.DummyAPI.Posts.CreateNewPost.CreateNewPost" name="createNewPost" time="2.010"/>
  <system-out/>
</testsuite> <!-- E2E.DummyAPI.Posts.CreateNewPost.CreateNewPost -->
