<?xml version="1.0" encoding="UTF-8"?>
<!-- Generated by org.testng.reporters.JUnitReportReporter -->
<testsuite hostname="TestVagrants-MacBook-Pro.local" failures="0" tests="1" name="Capstone.DummyAPI.Users.GetAllUsers.GetAllUsers" time="0.452" errors="0" timestamp="2022-10-12T10:50:57 IST" skipped="0">
  <testcase classname="Capstone.DummyAPI.Users.GetAllUsers.GetAllUsers" name="getAllUsers" time="0.452"/>
  <system-out/>
</testsuite> <!-- Capstone.DummyAPI.Users.GetAllUsers.GetAllUsers -->
