<?xml version="1.0" encoding="UTF-8"?>
<!-- Generated by org.testng.reporters.JUnitReportReporter -->
<testsuite hostname="TestVagrants-MacBook-Pro.local" failures="0" tests="1" name="Capstone.DummyAPI.Posts.CreateNewPost.CreateNewPost" time="0.460" errors="0" timestamp="2022-10-12T10:50:57 IST" skipped="0">
  <testcase classname="Capstone.DummyAPI.Posts.CreateNewPost.CreateNewPost" name="createNewPost" time="0.460"/>
  <system-out/>
</testsuite> <!-- Capstone.DummyAPI.Posts.CreateNewPost.CreateNewPost -->
