<?xml version="1.0" encoding="UTF-8"?>
<!-- Generated by org.testng.reporters.JUnitReportReporter -->
<testsuite hostname="TestVagrants-MacBook-Pro.local" failures="0" tests="1" name="Capstone.DummyAPI.E2E.EndToEndTestCases" time="5.399" errors="0" timestamp="2022-10-12T10:50:57 IST" skipped="0">
  <testcase classname="Capstone.DummyAPI.E2E.EndToEndTestCases" name="end2EndTestsCases" time="5.399"/>
  <system-out/>
</testsuite> <!-- Capstone.DummyAPI.E2E.EndToEndTestCases -->
