<?xml version="1.0" encoding="UTF-8"?>
<!-- Generated by org.testng.reporters.JUnitReportReporter -->
<testsuite hostname="TestVagrants-MacBook-Pro.local" failures="0" tests="1" name="E2E.DummyAPI.Users.GetAllUsers.GetAllUsers" time="0.437" errors="0" timestamp="2022-10-07T17:07:04 IST" skipped="0">
  <testcase classname="E2E.DummyAPI.Users.GetAllUsers.GetAllUsers" name="getAllUsers" time="0.437"/>
  <system-out/>
</testsuite> <!-- E2E.DummyAPI.Users.GetAllUsers.GetAllUsers -->
