<?xml version="1.0" encoding="UTF-8"?>
<!-- Generated by org.testng.reporters.JUnitReportReporter -->
<testsuite hostname="TestVagrants-MacBook-Pro.local" failures="0" tests="1" name="E2E.DummyAPI.Posts.GetAllPosts.GetAllPosts" time="0.427" errors="0" timestamp="2022-10-07T17:07:04 IST" skipped="0">
  <testcase classname="E2E.DummyAPI.Posts.GetAllPosts.GetAllPosts" name="getAllPosts" time="0.427"/>
  <system-out/>
</testsuite> <!-- E2E.DummyAPI.Posts.GetAllPosts.GetAllPosts -->
