<?xml version="1.0" encoding="UTF-8"?>
<!-- Generated by org.testng.reporters.JUnitReportReporter -->
<testsuite hostname="TestVagrants-MacBook-Pro.local" failures="0" tests="1" name="Capstone.DummyAPI.Users.DeleteUser.DeleteUserById" time="0.957" errors="0" timestamp="2022-10-12T10:50:57 IST" skipped="0">
  <testcase classname="Capstone.DummyAPI.Users.DeleteUser.DeleteUserById" name="deleteUserById" time="0.957"/>
  <system-out/>
</testsuite> <!-- Capstone.DummyAPI.Users.DeleteUser.DeleteUserById -->
