<?xml version="1.0" encoding="UTF-8"?>
<!-- Generated by org.testng.reporters.JUnitReportReporter -->
<testsuite hostname="TestVagrants-MacBook-Pro.local" failures="0" tests="1" name="E2E.DummyAPI.Posts.GetPostById.GetPostById" time="0.922" errors="0" timestamp="2022-10-07T17:37:12 IST" skipped="0">
  <testcase classname="E2E.DummyAPI.Posts.GetPostById.GetPostById" name="getPostById" time="0.922"/>
  <system-out/>
</testsuite> <!-- E2E.DummyAPI.Posts.GetPostById.GetPostById -->
