<?xml version="1.0" encoding="UTF-8"?>
<testsuite name="Capstone.DummyAPI.E2E.EndToEndTestCases" tests="1" skipped="0" failures="0" errors="0" timestamp="2022-10-12T05:20:27" hostname="TestVagrants-MacBook-Pro.local" time="5.806">
  <properties/>
  <testcase name="end2EndTestsCases" classname="Capstone.DummyAPI.E2E.EndToEndTestCases" time="5.806"/>
  <system-out><![CDATA[Body:
{
    "firstName": "kishan",
    "lastName": "rao",
    "email": "a18ed8ff-5bd1-4f12-9847-2d026d8cc3f8@gmail.com"
}
{
    "id": "63464ea09c8fd80584d7b442",
    "image": "randomImageLink.com",
    "likes": 0,
    "link": "",
    "tags": [
        "dog",
        "animal",
        "husky"
    ],
    "text": "Random text for the post",
    "publishDate": "2022-10-12T05:20:32.253Z",
    "updatedDate": "2022-10-12T05:20:32.253Z",
    "owner": {
        "id": "63464e9f9c8fd8864ed7b43c",
        "firstName": "kishan",
        "lastName": "rao"
    }
}
{
    "id": "63464e9f9c8fd8864ed7b43c"
}
]]></system-out>
  <system-err><![CDATA[]]></system-err>
</testsuite>
