<?xml version="1.0" encoding="UTF-8"?>
<testsuite name="E2E.DummyAPI.Users.GetAllUsers.GetAllUsers" tests="1" skipped="0" failures="0" errors="0" timestamp="2022-10-07T11:36:49" hostname="TestVagrants-MacBook-Pro.local" time="0.423">
  <properties/>
  <testcase name="getAllUsers" classname="E2E.DummyAPI.Users.GetAllUsers.GetAllUsers" time="0.423"/>
  <system-out><![CDATA[{
    "data": [
        {
            "id": "60d0fe4f5311236168a109e3",
            "title": "mr",
            "firstName": "Vetle",
            "lastName": "Aasland",
            "picture": "https://randomuser.me/api/portraits/med/men/97.jpg"
        },
        {
            "id": "60d0fe4f5311236168a109e4",
            "title": "mr",
            "firstName": "Pwry",
            "lastName": "Shylyrd",
            "picture": "https://randomuser.me/api/portraits/med/men/37.jpg"
        },
        {
            "id": "60d0fe4f5311236168a109e5",
            "title": "mr",
            "firstName": "Adrian",
            "lastName": "Rodriguez",
            "picture": "https://randomuser.me/api/portraits/med/men/45.jpg"
        },
        {
            "id": "60d0fe4f5311236168a109e6",
            "title": "miss",
            "firstName": "Milla",
            "lastName": "Pollari",
            "picture": "https://randomuser.me/api/portraits/med/women/89.jpg"
        },
        {
            "id": "60d0fe4f5311236168a109e7",
            "title": "mr",
            "firstName": "Joey",
            "lastName": "Oliver",
            "picture": "https://randomuser.me/api/portraits/med/men/61.jpg"
        },
        {
            "id": "60d0fe4f5311236168a109e8",
            "title": "mrs",
            "firstName": "Cecilie",
            "lastName": "Mortensen",
            "picture": "https://randomuser.me/api/portraits/med/women/56.jpg"
        },
        {
            "id": "60d0fe4f5311236168a109e9",
            "title": "mr",
            "firstName": "Alfredo",
            "lastName": "Omahony",
            "picture": "https://randomuser.me/api/portraits/med/men/76.jpg"
        },
        {
            "id": "60d0fe4f5311236168a109ea",
            "title": "mrs",
            "firstName": "Mhrs",
            "lastName": "Hsyny",
            "picture": "https://randomuser.me/api/portraits/med/women/77.jpg"
        },
        {
            "id": "60d0fe4f5311236168a109eb",
            "title": "ms",
            "firstName": "Nella",
            "lastName": "Koivisto",
            "picture": "https://randomuser.me/api/portraits/med/women/77.jpg"
        },
        {
            "id": "60d0fe4f5311236168a109ec",
            "title": "mr",
            "firstName": "Lucas",
            "lastName": "Larsen",
            "picture": "https://randomuser.me/api/portraits/med/men/50.jpg"
        }
    ],
    "total": 180,
    "page": 0,
    "limit": 10
}
]]></system-out>
  <system-err><![CDATA[]]></system-err>
</testsuite>
