<?xml version="1.0" encoding="UTF-8"?>
<testsuite name="Capstone.DummyAPI.Users.UpdateUserDetails.UpdateUserDetails" tests="1" skipped="0" failures="0" errors="0" timestamp="2022-10-12T05:20:39" hostname="TestVagrants-MacBook-Pro.local" time="0.404">
  <properties/>
  <testcase name="UpdateUser" classname="Capstone.DummyAPI.Users.UpdateUserDetails.UpdateUserDetails" time="0.404"/>
  <system-out><![CDATA[Body:
{
    "firstName": "kishan",
    "lastName": "rao"
}
]]></system-out>
  <system-err><![CDATA[]]></system-err>
</testsuite>
