<?xml version="1.0" encoding="UTF-8"?>
<testsuite name="E2E.DummyAPI.Posts.GetAllPosts.GetAllPosts" tests="1" skipped="0" failures="0" errors="0" timestamp="2022-10-06T11:38:10" hostname="TestVagrants-MacBook-Pro.local" time="1.748">
  <properties/>
  <testcase name="getAllPosts" classname="E2E.DummyAPI.Posts.GetAllPosts.GetAllPosts" time="1.748"/>
  <system-out><![CDATA[{
    "data": [
        {
            "id": "633ebe2149c8a1589fe5d2c6",
            "image": "http://placeimg.com/640/480",
            "likes": 0,
            "tags": [
                "dog",
                "animal",
                "husky"
            ],
            "text": "kishanSDET",
            "publishDate": "2022-10-06T11:38:09.676Z",
            "updatedDate": "2022-10-06T11:38:09.676Z",
            "owner": {
                "id": "633e8d7552b10b51d3b29986",
                "firstName": "Elenor",
                "lastName": "Klein"
            }
        },
        {
            "id": "633ebe0749c8a1c93be5d289",
            "image": "http://placeimg.com/640/480",
            "likes": 0,
            "tags": [
                "dog",
                "animal",
                "husky"
            ],
            "text": "kishanSDET",
            "publishDate": "2022-10-06T11:37:43.167Z",
            "updatedDate": "2022-10-06T11:37:43.167Z",
            "owner": {
                "id": "633e8d7552b10b51d3b29986",
                "firstName": "Elenor",
                "lastName": "Klein"
            }
        },
        {
            "id": "633ebdce49c8a157e3e5d23e",
            "image": "http://placeimg.com/640/480",
            "likes": 0,
            "tags": [
                "dog",
                "animal",
                "husky"
            ],
            "text": "kishanSDET",
            "publishDate": "2022-10-06T11:36:46.753Z",
            "updatedDate": "2022-10-06T11:36:46.753Z",
            "owner": {
                "id": "633e8d7552b10b51d3b29986",
                "firstName": "Elenor",
                "lastName": "Klein"
            }
        },
        {
            "id": "633eb6f049c8a13412e5ceb4",
            "image": "http://placeimg.com/640/480",
            "likes": 0,
            "tags": [
                "dog",
                "animal",
                "husky"
            ],
            "text": "kishanSDET",
            "publishDate": "2022-10-06T11:07:28.753Z",
            "updatedDate": "2022-10-06T11:07:28.753Z",
            "owner": {
                "id": "633e8d7552b10b51d3b29986",
                "firstName": "Elenor",
                "lastName": "Klein"
            }
        },
        {
            "id": "633eaf81503024e258e422b1",
            "image": "http://placeimg.com/640/480",
            "likes": 0,
            "tags": [
                "dog",
                "animal",
                "husky"
            ],
            "text": "kishanSDET",
            "publishDate": "2022-10-06T10:35:45.981Z",
            "updatedDate": "2022-10-06T10:35:45.981Z",
            "owner": {
                "id": "633e8d7552b10b51d3b29986",
                "firstName": "Elenor",
                "lastName": "Klein"
            }
        },
        {
            "id": "633eaea2503024732fe4221a",
            "image": "http://placeimg.com/640/480",
            "likes": 0,
            "tags": [
                "dog",
                "animal",
                "husky"
            ],
            "text": "kishanSDET",
            "publishDate": "2022-10-06T10:32:02.982Z",
            "updatedDate": "2022-10-06T10:32:02.982Z",
            "owner": {
                "id": "633e8d7552b10b51d3b29986",
                "firstName": "Elenor",
                "lastName": "Klein"
            }
        },
        {
            "id": "633eade55030246372e421a7",
            "image": "http://placeimg.com/640/480",
            "likes": 0,
            "tags": [
                "dog",
                "animal",
                "husky"
            ],
            "text": "kishanSDET",
            "publishDate": "2022-10-06T10:28:53.613Z",
            "updatedDate": "2022-10-06T10:28:53.613Z",
            "owner": {
                "id": "633e8d7552b10b51d3b29986",
                "firstName": "Elenor",
                "lastName": "Klein"
            }
        },
        {
            "id": "633ead305030246abfe42132",
            "image": "http://placeimg.com/640/480",
            "likes": 0,
            "tags": [
                "dog",
                "animal",
                "husky"
            ],
            "text": "kishanSDET",
            "publishDate": "2022-10-06T10:25:52.924Z",
            "updatedDate": "2022-10-06T10:25:52.924Z",
            "owner": {
                "id": "633e8d7552b10b51d3b29986",
                "firstName": "Elenor",
                "lastName": "Klein"
            }
        },
        {
            "id": "633eac645030241dbfe4207b",
            "image": "http://placeimg.com/640/480",
            "likes": 0,
            "tags": [
                "dog",
                "animal",
                "husky"
            ],
            "text": "kishanSDET",
            "publishDate": "2022-10-06T10:22:28.384Z",
            "updatedDate": "2022-10-06T10:22:28.384Z",
            "owner": {
                "id": "633e8d7552b10b51d3b29986",
                "firstName": "Elenor",
                "lastName": "Klein"
            }
        },
        {
            "id": "633eac4e503024765ce42062",
            "image": "http://placeimg.com/640/480",
            "likes": 0,
            "tags": [
                "dog",
                "animal",
                "husky"
            ],
            "text": "kishanSDET",
            "publishDate": "2022-10-06T10:22:06.099Z",
            "updatedDate": "2022-10-06T10:22:06.099Z",
            "owner": {
                "id": "633e8d7552b10b51d3b29986",
                "firstName": "Elenor",
                "lastName": "Klein"
            }
        },
        {
            "id": "633eac0b50302404c2e42036",
            "image": "http://placeimg.com/640/480",
            "likes": 0,
            "tags": [
                "dog",
                "animal",
                "husky"
            ],
            "text": "kishanSDET",
            "publishDate": "2022-10-06T10:20:59.183Z",
            "updatedDate": "2022-10-06T10:20:59.183Z",
            "owner": {
                "id": "633e8d7552b10b51d3b29986",
                "firstName": "Elenor",
                "lastName": "Klein"
            }
        },
        {
            "id": "633eabcd50302482dde41ffc",
            "image": "http://placeimg.com/640/480",
            "likes": 0,
            "tags": [
                "dog",
                "animal",
                "husky"
            ],
            "text": "kishanSDET",
            "publishDate": "2022-10-06T10:19:57.881Z",
            "updatedDate": "2022-10-06T10:19:57.881Z",
            "owner": {
                "id": "633e8d7552b10b51d3b29986",
                "firstName": "Elenor",
                "lastName": "Klein"
            }
        },
        {
            "id": "633eab6d50302449b1e41fca",
            "image": "http://placeimg.com/640/480",
            "likes": 0,
            "tags": [
                "dog",
                "animal",
                "husky"
            ],
            "text": "kishanSDET",
            "publishDate": "2022-10-06T10:18:21.698Z",
            "updatedDate": "2022-10-06T10:18:21.698Z",
            "owner": {
                "id": "633e8d7552b10b51d3b29986",
                "firstName": "Elenor",
                "lastName": "Klein"
            }
        },
        {
            "id": "633ea917503024f81ce41ed9",
            "image": "http://placeimg.com/640/480",
            "likes": 0,
            "tags": [
                "dog",
                "animal",
                "husky"
            ],
            "text": "kishanSDET",
            "publishDate": "2022-10-06T10:08:23.093Z",
            "updatedDate": "2022-10-06T10:08:23.093Z",
            "owner": {
                "id": "633e8d7552b10b51d3b29986",
                "firstName": "Elenor",
                "lastName": "Klein"
            }
        },
        {
            "id": "633e9e2b29ad7a59a92d76bf",
            "image": "http://placeimg.com/640/480",
            "likes": 0,
            "tags": [
                "dog",
                "animal",
                "husky"
            ],
            "text": "kishanSDET",
            "publishDate": "2022-10-06T09:21:47.877Z",
            "updatedDate": "2022-10-06T09:21:47.877Z",
            "owner": {
                "id": "633e8d7552b10b51d3b29986",
                "firstName": "Elenor",
                "lastName": "Klein"
            }
        },
        {
            "id": "633e9db729ad7a01dd2d76b5",
            "image": "http://placeimg.com/640/480",
            "likes": 0,
            "tags": [
                "dog",
                "animal",
                "husky"
            ],
            "text": "kishanSDET",
            "publishDate": "2022-10-06T09:19:51.674Z",
            "updatedDate": "2022-10-06T09:19:51.674Z",
            "owner": {
                "id": "633e8d7552b10b51d3b29986",
                "firstName": "Elenor",
                "lastName": "Klein"
            }
        },
        {
            "id": "633e8d7852b10b4483b2998c",
            "image": "http://placeimg.com/640/480",
            "likes": 449,
            "tags": [
                "dog",
                "animal",
                "husky"
            ],
            "text": "assumenda",
            "publishDate": "2022-10-06T08:10:32.454Z",
            "updatedDate": "2022-10-06T08:10:32.454Z",
            "owner": {
                "id": "633e8d7552b10b51d3b29986",
                "firstName": "Elenor",
                "lastName": "Klein"
            }
        },
        {
            "id": "60d21be267d0d8992e610e52",
            "image": "https://img.dummyapi.io/photo-1580734075803-ac9cdb54fb03.jpg",
            "likes": 3,
            "tags": [
                "dog",
                "canine",
                "animal"
            ],
            "text": "Majestic looking dog on a lake white and brown sho...",
            "publishDate": "2020-05-21T15:15:02.703Z",
            "owner": {
                "id": "60d0fe4f5311236168a109e3",
                "title": "mr",
                "firstName": "Vetle",
                "lastName": "Aasland",
                "picture": "https://randomuser.me/api/portraits/med/men/97.jpg"
            }
        },
        {
            "id": "60d21b3667d0d8992e610c56",
            "image": "https://img.dummyapi.io/photo-1558556249-076e42967a24.jpg",
            "likes": 27,
            "tags": [
                "dog",
                "animal",
                "canine"
            ],
            "text": "two puppies next to each other",
            "publishDate": "2020-05-21T07:03:58.248Z",
            "owner": {
                "id": "60d0fe4f5311236168a10a1a",
                "title": "mr",
                "firstName": "Vaino",
                "lastName": "Sakala",
                "picture": "https://randomuser.me/api/portraits/med/men/56.jpg"
            }
        },
        {
            "id": "60d21b0767d0d8992e610bcf",
            "image": "https://img.dummyapi.io/photo-1556526588-a0bd9b5a42c3.jpg",
            "likes": 54,
            "tags": [
                "canine",
                "dog",
                "pet"
            ],
            "text": "two white dogs",
            "publishDate": "2020-05-21T02:10:33.421Z",
            "owner": {
                "id": "60d0fe4f5311236168a109fa",
                "title": "ms",
                "firstName": "Ann",
                "lastName": "Mason",
                "picture": "https://randomuser.me/api/portraits/med/women/18.jpg"
            }
        }
    ],
    "total": 771,
    "page": 0,
    "limit": 20
}
]]></system-out>
  <system-err><![CDATA[]]></system-err>
</testsuite>
