<?xml version="1.0" encoding="UTF-8"?>
<testsuite name="E2E.DummyAPI.Users.CreateUserWithDuplicateEmail.CreateUserWithDuplicateEmail" tests="1" skipped="0" failures="0" errors="0" timestamp="2022-10-06T09:24:13" hostname="TestVagrants-MacBook-Pro.local" time="0.402">
  <properties/>
  <testcase name="createNewUser" classname="E2E.DummyAPI.Users.CreateUserWithDuplicateEmail.CreateUserWithDuplicateEmail" time="0.402"/>
  <system-out><![CDATA[{
    "error": "BODY_NOT_VALID",
    "data": {
        "email": "Email already used"
    }
}
]]></system-out>
  <system-err><![CDATA[]]></system-err>
</testsuite>
