<?xml version="1.0" encoding="UTF-8"?>
<testsuite name="E2E.DummyAPI.Users.GetAllUsers.GetAllUsers" tests="1" skipped="0" failures="0" errors="0" timestamp="2022-10-06T09:24:16" hostname="TestVagrants-MacBook-Pro.local" time="0.559">
  <properties/>
  <testcase name="getAllUsers" classname="E2E.DummyAPI.Users.GetAllUsers.GetAllUsers" time="0.559"/>
  <system-out><![CDATA[{
    "data": [
        {
            "id": "60d0fe4f5311236168a109d2",
            "title": "mr",
            "firstName": "Evan",
            "lastName": "Carlson",
            "picture": "https://randomuser.me/api/portraits/med/men/80.jpg"
        },
        {
            "id": "60d0fe4f5311236168a109d3",
            "title": "mr",
            "firstName": "Friedrich-Karl",
            "lastName": "Brand",
            "picture": "https://randomuser.me/api/portraits/med/men/7.jpg"
        },
        {
            "id": "60d0fe4f5311236168a109d4",
            "title": "mr",
            "firstName": "Valentin",
            "lastName": "Ortega",
            "picture": "https://randomuser.me/api/portraits/med/men/3.jpg"
        },
        {
            "id": "60d0fe4f5311236168a109d5",
            "title": "mrs",
            "firstName": "Sibylle",
            "lastName": "Leibold",
            "picture": "https://randomuser.me/api/portraits/med/women/89.jpg"
        },
        {
            "id": "60d0fe4f5311236168a109d6",
            "title": "mrs",
            "firstName": "Elisa",
            "lastName": "Lorenzo",
            "picture": "https://randomuser.me/api/portraits/med/women/89.jpg"
        },
        {
            "id": "60d0fe4f5311236168a109d7",
            "title": "mr",
            "firstName": "Leevi",
            "lastName": "Savela",
            "picture": "https://randomuser.me/api/portraits/med/men/67.jpg"
        },
        {
            "id": "60d0fe4f5311236168a109d8",
            "title": "mrs",
            "firstName": "Karoline",
            "lastName": "Sviggum",
            "picture": "https://randomuser.me/api/portraits/med/women/61.jpg"
        },
        {
            "id": "60d0fe4f5311236168a109d9",
            "title": "ms",
            "firstName": "Nuria",
            "lastName": "Leon",
            "picture": "https://randomuser.me/api/portraits/med/women/93.jpg"
        },
        {
            "id": "60d0fe4f5311236168a109da",
            "title": "mr",
            "firstName": "Lance",
            "lastName": "Foster",
            "picture": "https://randomuser.me/api/portraits/med/men/13.jpg"
        },
        {
            "id": "60d0fe4f5311236168a109db",
            "title": "miss",
            "firstName": "Naomi",
            "lastName": "Rodrigues",
            "picture": "https://randomuser.me/api/portraits/med/women/39.jpg"
        }
    ],
    "total": 178,
    "page": 0,
    "limit": 10
}
]]></system-out>
  <system-err><![CDATA[]]></system-err>
</testsuite>
