<?xml version="1.0" encoding="UTF-8"?>
<testsuite name="E2E.DummyAPI.Posts.CreateNewPost.CreateNewPost" tests="1" skipped="0" failures="0" errors="0" timestamp="2022-10-06T09:24:09" hostname="TestVagrants-MacBook-Pro.local" time="2.182">
  <properties/>
  <testcase name="createNewPost" classname="E2E.DummyAPI.Posts.CreateNewPost.CreateNewPost" time="2.182"/>
  <system-out><![CDATA[{
    "id": "633e9ebb5030242b90e419fe",
    "image": "http://placeimg.com/640/480",
    "likes": 0,
    "link": "",
    "tags": [
        "dog",
        "animal",
        "husky"
    ],
    "text": "kishanSDET",
    "publishDate": "2022-10-06T09:24:11.104Z",
    "updatedDate": "2022-10-06T09:24:11.104Z",
    "owner": {
        "id": "633e8d7552b10b51d3b29986",
        "firstName": "Elenor",
        "lastName": "Klein"
    }
}
]]></system-out>
  <system-err><![CDATA[]]></system-err>
</testsuite>
