<?xml version="1.0" encoding="UTF-8"?>
<testsuite name="E2E.DummyAPI.Posts.GetAllPosts.GetAllPosts" tests="1" skipped="0" failures="0" errors="0" timestamp="2022-10-07T10:20:10" hostname="TestVagrants-MacBook-Pro.local" time="1.141">
  <properties/>
  <testcase name="getAllPosts" classname="E2E.DummyAPI.Posts.GetAllPosts.GetAllPosts" time="1.141"/>
  <system-out><![CDATA[{
    "data": [
        {
            "id": "60d21b3667d0d8992e610c56",
            "image": "https://img.dummyapi.io/photo-1558556249-076e42967a24.jpg",
            "likes": 27,
            "tags": [
                "dog",
                "animal",
                "canine"
            ],
            "text": "two puppies next to each other",
            "publishDate": "2020-05-21T07:03:58.248Z",
            "owner": {
                "id": "60d0fe4f5311236168a10a1a",
                "title": "mr",
                "firstName": "Vaino",
                "lastName": "Sakala",
                "picture": "https://randomuser.me/api/portraits/med/men/56.jpg"
            }
        },
        {
            "id": "60d21b0767d0d8992e610bcf",
            "image": "https://img.dummyapi.io/photo-1556526588-a0bd9b5a42c3.jpg",
            "likes": 54,
            "tags": [
                "canine",
                "dog",
                "pet"
            ],
            "text": "two white dogs",
            "publishDate": "2020-05-21T02:10:33.421Z",
            "owner": {
                "id": "60d0fe4f5311236168a109fa",
                "title": "ms",
                "firstName": "Ann",
                "lastName": "Mason",
                "picture": "https://randomuser.me/api/portraits/med/women/18.jpg"
            }
        },
        {
            "id": "60d21afd67d0d8992e610bad",
            "image": "https://img.dummyapi.io/photo-1575495679620-2ff225c75d5a.jpg",
            "likes": 20,
            "tags": [
                "pet",
                "animal",
                "mammal"
            ],
            "text": "A picture of my golden doodle, Yogi Bear white dog",
            "publishDate": "2020-05-20T21:49:33.321Z",
            "owner": {
                "id": "60d0fe4f5311236168a10a2c",
                "title": "mr",
                "firstName": "Toralf",
                "lastName": "Streicher",
                "picture": "https://randomuser.me/api/portraits/med/men/80.jpg"
            }
        },
        {
            "id": "60d21b0467d0d8992e610bc5",
            "image": "https://img.dummyapi.io/photo-1549937334-e94f33e69787.jpg",
            "likes": 5,
            "tags": [
                "dog",
                "pet",
                "mammal"
            ],
            "text": "long-coated brown dog",
            "publishDate": "2020-05-20T21:00:40.371Z",
            "owner": {
                "id": "60d0fe4f5311236168a10a0d",
                "title": "mr",
                "firstName": "Lyam",
                "lastName": "Morin",
                "picture": "https://randomuser.me/api/portraits/med/men/95.jpg"
            }
        },
        {
            "id": "60d21bf367d0d8992e610e88",
            "image": "https://img.dummyapi.io/photo-1564849444446-f876dcef378e.jpg",
            "likes": 40,
            "tags": [
                "plant",
                "mammal",
                "pet"
            ],
            "text": "A feral cat short-fur gray and orange cat on green...",
            "publishDate": "2020-05-20T18:51:23.478Z",
            "owner": {
                "id": "60d0fe4f5311236168a109f4",
                "title": "mr",
                "firstName": "Benjamin",
                "lastName": "Holland",
                "picture": "https://randomuser.me/api/portraits/med/men/58.jpg"
            }
        },
        {
            "id": "60d21bbf67d0d8992e610de6",
            "image": "https://img.dummyapi.io/photo-1504208434309-cb69f4fe52b0.jpg",
            "likes": 2225,
            "tags": [
                "dog",
                "animal",
                "nature"
            ],
            "text": "Beautiful dog in most photographed place in Canada...",
            "publishDate": "2020-05-20T04:57:33.445Z",
            "owner": {
                "id": "60d0fe4f5311236168a10a12",
                "title": "mr",
                "firstName": "Kenneth",
                "lastName": "Carter",
                "picture": "https://randomuser.me/api/portraits/med/men/40.jpg"
            }
        },
        {
            "id": "60d21b7d67d0d8992e610d27",
            "image": "https://img.dummyapi.io/photo-1546975554-31053113e977.jpg",
            "likes": 77,
            "tags": [
                "dog",
                "leaf",
                "plant"
            ],
            "text": "white dog on ground",
            "publishDate": "2020-05-19T08:26:29.436Z",
            "owner": {
                "id": "60d0fe4f5311236168a109d9",
                "title": "ms",
                "firstName": "Nuria",
                "lastName": "Leon",
                "picture": "https://randomuser.me/api/portraits/med/women/93.jpg"
            }
        },
        {
            "id": "60d21b7f67d0d8992e610d2b",
            "image": "https://img.dummyapi.io/photo-1577849304422-d019fdd6f29f.jpg",
            "likes": 25,
            "tags": [
                "dog",
                "animal",
                "canine"
            ],
            "text": "Dogs black and brown Yorkshire Terrier",
            "publishDate": "2020-05-19T02:55:23.015Z",
            "owner": {
                "id": "60d0fe4f5311236168a109e3",
                "title": "mr",
                "firstName": "Vetle",
                "lastName": "Aasland",
                "picture": "https://randomuser.me/api/portraits/med/men/97.jpg"
            }
        },
        {
            "id": "60d21bcf67d0d8992e610e16",
            "image": "https://img.dummyapi.io/photo-1562221440-aba53beefed2.jpg",
            "likes": 45,
            "tags": [
                "dog",
                "animal",
                "canine"
            ],
            "text": "person touching dog's head",
            "publishDate": "2020-05-18T21:14:50.181Z",
            "owner": {
                "id": "60d0fe4f5311236168a10a2b",
                "title": "mrs",
                "firstName": "Angelica",
                "lastName": "Roussel",
                "picture": "https://randomuser.me/api/portraits/med/women/53.jpg"
            }
        },
        {
            "id": "60d21b4667d0d8992e610c87",
            "image": "https://img.dummyapi.io/photo-1583381872273-a4a9e8d157ab.jpg",
            "likes": 6,
            "tags": [
                "dog",
                "animal",
                "canine"
            ],
            "text": "My dog Cody looking super excited.  brown short co...",
            "publishDate": "2020-05-18T15:52:46.051Z",
            "owner": {
                "id": "60d0fe4f5311236168a10a28",
                "title": "miss",
                "firstName": "OcÃ©ane",
                "lastName": "Denis",
                "picture": "https://randomuser.me/api/portraits/med/women/51.jpg"
            }
        },
        {
            "id": "60d21bbe67d0d8992e610de4",
            "image": "https://img.dummyapi.io/photo-1582835173528-d2d1ecb87ab6.jpg",
            "likes": 8,
            "tags": [
                "dog",
                "animal",
                "canine"
            ],
            "text": "white black and brown long coated small dog",
            "publishDate": "2020-05-18T15:43:41.918Z",
            "owner": {
                "id": "60d0fe4f5311236168a10a14",
                "title": "mr",
                "firstName": "Cameron",
                "lastName": "Mendoza",
                "picture": "https://randomuser.me/api/portraits/med/men/95.jpg"
            }
        },
        {
            "id": "60d21b7f67d0d8992e610d2c",
            "image": "https://img.dummyapi.io/photo-1536809188428-e8ecf663d0be.jpg",
            "likes": 149,
            "tags": [
                "dog",
                "animal",
                "canine"
            ],
            "text": "Sun Bathing adult gold golden retriever lying on f...",
            "publishDate": "2020-05-17T20:54:33.648Z",
            "owner": {
                "id": "60d0fe4f5311236168a10a10",
                "title": "mr",
                "firstName": "Nenad",
                "lastName": "Leroy",
                "picture": "https://randomuser.me/api/portraits/med/men/62.jpg"
            }
        },
        {
            "id": "60d21be767d0d8992e610e63",
            "image": "https://img.dummyapi.io/photo-1575852495205-c3dc13f32d8c.jpg",
            "likes": 9,
            "tags": [
                "dog",
                "human",
                "person"
            ],
            "text": "Engagement photos at the north campus at Universit...",
            "publishDate": "2020-05-17T15:32:45.012Z",
            "owner": {
                "id": "60d0fe4f5311236168a10a2a",
                "title": "mrs",
                "firstName": "Susie",
                "lastName": "Harrison",
                "picture": "https://randomuser.me/api/portraits/med/women/20.jpg"
            }
        },
        {
            "id": "60d21b1d67d0d8992e610c0e",
            "image": "https://img.dummyapi.io/photo-1583336663277-620dc1996580.jpg",
            "likes": 16,
            "tags": [
                "dog",
                "animal",
                "bulldog"
            ],
            "text": "Hypebeasts brown and white dog wearing pink and bl...",
            "publishDate": "2020-05-17T04:54:41.680Z",
            "owner": {
                "id": "60d0fe4f5311236168a10a07",
                "title": "mr",
                "firstName": "Sigmund",
                "lastName": "Myran",
                "picture": "https://randomuser.me/api/portraits/med/men/61.jpg"
            }
        },
        {
            "id": "60d21bc967d0d8992e610e06",
            "image": "https://img.dummyapi.io/photo-1477973770766-6228305816df.jpg",
            "likes": 462,
            "tags": [
                "animal",
                "dog",
                "pet"
            ],
            "text": "short-coated gray dog near green leafed plants",
            "publishDate": "2020-05-16T17:50:31.367Z",
            "owner": {
                "id": "60d0fe4f5311236168a10a24",
                "title": "miss",
                "firstName": "Katie",
                "lastName": "Hughes",
                "picture": "https://randomuser.me/api/portraits/med/women/74.jpg"
            }
        },
        {
            "id": "60d21b8067d0d8992e610d2e",
            "image": "https://img.dummyapi.io/photo-1547480643-88ac656b7cfc.jpg",
            "likes": 21,
            "tags": [
                "dog",
                "animal",
                "nature"
            ],
            "text": "dog prawn laying on concrete outside during daytim...",
            "publishDate": "2020-05-16T07:29:53.796Z",
            "owner": {
                "id": "60d0fe4f5311236168a109df",
                "title": "mrs",
                "firstName": "Anaelle",
                "lastName": "Dumas",
                "picture": "https://randomuser.me/api/portraits/med/women/25.jpg"
            }
        },
        {
            "id": "60d21bca67d0d8992e610e08",
            "image": "https://img.dummyapi.io/photo-1527973025938-d60fdcbc9ece.jpg",
            "likes": 35,
            "tags": [
                "beach",
                "coast",
                "portugal"
            ],
            "text": "A Walk in the Beach two black and tan dog on beach",
            "publishDate": "2020-05-16T04:29:33.975Z",
            "owner": {
                "id": "60d0fe4f5311236168a109fd",
                "title": "mr",
                "firstName": "Dylan",
                "lastName": "Vasquez",
                "picture": "https://randomuser.me/api/portraits/med/men/66.jpg"
            }
        },
        {
            "id": "60d21b2f67d0d8992e610c3f",
            "image": "https://img.dummyapi.io/photo-1579178460072-07b6cebedf5f.jpg",
            "likes": 22,
            "tags": [
                "dog",
                "canine",
                "animal"
            ],
            "text": "Alaskan Malamute black and white wolf",
            "publishDate": "2020-05-16T02:42:34.573Z",
            "owner": {
                "id": "60d0fe4f5311236168a109d8",
                "title": "mrs",
                "firstName": "Karoline",
                "lastName": "Sviggum",
                "picture": "https://randomuser.me/api/portraits/med/women/61.jpg"
            }
        },
        {
            "id": "60d21b9e67d0d8992e610d85",
            "image": "https://img.dummyapi.io/photo-1550206574-96bbd259b685.jpg",
            "likes": 76,
            "tags": [
                "dog",
                "animal",
                "pitbull"
            ],
            "text": "This is Ruby. I heard somewhere that dogs get a su...",
            "publishDate": "2020-05-15T06:42:12.347Z",
            "owner": {
                "id": "60d0fe4f5311236168a10a1f",
                "title": "mr",
                "firstName": "David",
                "lastName": "Ramos",
                "picture": "https://randomuser.me/api/portraits/med/men/30.jpg"
            }
        },
        {
            "id": "60d21bc167d0d8992e610deb",
            "image": "https://img.dummyapi.io/photo-1524675772159-ea8ff66a947d.jpg",
            "likes": 64,
            "tags": [
                "sled",
                "dogsled",
                "sweden"
            ],
            "text": "I took this photo during my trip in Swedish Laplan...",
            "publishDate": "2020-05-15T04:11:48.350Z",
            "owner": {
                "id": "60d0fe4f5311236168a109e2",
                "title": "mr",
                "firstName": "Heinz-Georg",
                "lastName": "Fiedler",
                "picture": "https://randomuser.me/api/portraits/med/men/81.jpg"
            }
        }
    ],
    "total": 734,
    "page": 0,
    "limit": 20
}
]]></system-out>
  <system-err><![CDATA[]]></system-err>
</testsuite>
