<?xml version="1.0" encoding="UTF-8"?>
<testsuite name="Capstone.DummyAPI.Posts.GetAllPosts.GetAllPosts" tests="1" skipped="0" failures="0" errors="0" timestamp="2022-10-12T05:20:34" hostname="TestVagrants-MacBook-Pro.local" time="0.537">
  <properties/>
  <testcase name="getAllPosts" classname="Capstone.DummyAPI.Posts.GetAllPosts.GetAllPosts" time="0.537"/>
  <system-out><![CDATA[]]></system-out>
  <system-err><![CDATA[]]></system-err>
</testsuite>
