<?xml version="1.0" encoding="UTF-8"?>
<testsuite name="E2E.DummyAPI.Posts.CreateNewPost.CreateNewPost" tests="1" skipped="0" failures="0" errors="0" timestamp="2022-10-10T08:05:09" hostname="TestVagrants-MacBook-Pro.local" time="2.178">
  <properties/>
  <testcase name="createNewPost" classname="E2E.DummyAPI.Posts.CreateNewPost.CreateNewPost" time="2.178"/>
  <system-out><![CDATA[{
    "id": "6343d2373c4ac7ed8099af13",
    "image": "http://placeimg.com/640/480",
    "likes": 0,
    "link": "",
    "tags": [
        "dog",
        "animal",
        "husky"
    ],
    "text": "kishanSDET",
    "publishDate": "2022-10-10T08:05:11.061Z",
    "updatedDate": "2022-10-10T08:05:11.061Z",
    "owner": {
        "id": "60d0fe4f5311236168a109f3",
        "title": "mr",
        "firstName": "Donald",
        "lastName": "Hopkins",
        "picture": "https://randomuser.me/api/portraits/med/men/73.jpg"
    }
}
]]></system-out>
  <system-err><![CDATA[]]></system-err>
</testsuite>
