<?xml version="1.0" encoding="UTF-8"?>
<testsuite name="Capstone.DummyAPI.Users.CreateUserWithEmail.CreateUserWithDuplicateEmail" tests="1" skipped="0" failures="0" errors="0" timestamp="2022-10-12T05:20:36" hostname="TestVagrants-MacBook-Pro.local" time="0.434">
  <properties/>
  <testcase name="createNewUserWithError" classname="Capstone.DummyAPI.Users.CreateUserWithEmail.CreateUserWithDuplicateEmail" time="0.434"/>
  <system-out><![CDATA[]]></system-out>
  <system-err><![CDATA[]]></system-err>
</testsuite>
