<?xml version="1.0" encoding="UTF-8"?>
<testsuite name="E2E.DummyAPI.Posts.GetAllPosts.GetAllPosts" tests="1" skipped="0" failures="0" errors="0" timestamp="2022-10-07T11:36:45" hostname="TestVagrants-MacBook-Pro.local" time="0.609">
  <properties/>
  <testcase name="getAllPosts" classname="E2E.DummyAPI.Posts.GetAllPosts.GetAllPosts" time="0.609"/>
  <system-out><![CDATA[]]></system-out>
  <system-err><![CDATA[]]></system-err>
</testsuite>
