<?xml version="1.0" encoding="UTF-8"?>
<testsuite name="E2E.DummyAPI.Users.DeleteUser.DeleteUserById" tests="1" skipped="0" failures="0" errors="0" timestamp="2022-10-06T09:24:14" hostname="TestVagrants-MacBook-Pro.local" time="1.525">
  <properties/>
  <testcase name="deleteUserById" classname="E2E.DummyAPI.Users.DeleteUser.DeleteUserById" time="1.525"/>
  <system-out><![CDATA[{
    "id": "60d0fe4f5311236168a109d1"
}
]]></system-out>
  <system-err><![CDATA[]]></system-err>
</testsuite>
