<?xml version="1.0" encoding="UTF-8"?>
<testsuite name="E2E.DummyAPI.Users.GetAllUserUnderYourAccount.GetAllUsersUnderYourAccount" tests="1" skipped="0" failures="0" errors="0" timestamp="2022-10-07T10:20:13" hostname="TestVagrants-MacBook-Pro.local" time="0.376">
  <properties/>
  <testcase name="getAllUsersUnderYouAccount" classname="E2E.DummyAPI.Users.GetAllUserUnderYourAccount.GetAllUsersUnderYourAccount" time="0.376"/>
  <system-out><![CDATA[{
    "data": [
        {
            "id": "633c67cb5bcb8a3de836379a",
            "firstName": "{{$randomFirstName",
            "lastName": "{{$randomLastName"
        },
        {
            "id": "633c67dc5bcb8a04733637a5",
            "firstName": "Abbey",
            "lastName": "Haag"
        },
        {
            "id": "633c67f75bcb8a11463637ab",
            "firstName": "Naomie",
            "lastName": "Wintheiser"
        },
        {
            "id": "633c67fa5bcb8a20dd3637ae",
            "firstName": "Lane",
            "lastName": "Gerlach"
        },
        {
            "id": "633c6a295bcb8a697a363807",
            "firstName": "Estel",
            "lastName": "Tillman"
        },
        {
            "id": "633ceff05e252f35d1bd2345",
            "firstName": "Verla",
            "lastName": "Gerhold"
        },
        {
            "id": "633cf09b5e252f50a4bd235d",
            "firstName": "Karina",
            "lastName": "Nienow"
        },
        {
            "id": "633cf0aa5e252ff705bd2360",
            "firstName": "Lydia",
            "lastName": "Yost"
        },
        {
            "id": "633cf1345e252f7466bd237a",
            "firstName": "Tyrell",
            "lastName": "Gaylord"
        },
        {
            "id": "633cf16e5e252fd59bbd2390",
            "firstName": "kishan",
            "lastName": "rao"
        },
        {
            "id": "633cf1925e252f2d85bd239d",
            "firstName": "kishan",
            "lastName": "rao"
        },
        {
            "id": "633cf1b75e252f3a75bd23ad",
            "firstName": "Kiran",
            "lastName": "Raj"
        },
        {
            "id": "633cf2285e252f81c6bd23e8",
            "firstName": "rahul",
            "lastName": "ram"
        },
        {
            "id": "633cf32f5e252f0a1cbd2430",
            "firstName": "rrahul",
            "lastName": "rram"
        },
        {
            "id": "633cf5e65e252f871dbd24a9",
            "firstName": "rrahul",
            "lastName": "rram"
        },
        {
            "id": "633cf5ec5e252f42a7bd24b1",
            "firstName": "rrahul",
            "lastName": "rram"
        },
        {
            "id": "633cf6705e252fe087bd24bd",
            "firstName": "kishan",
            "lastName": "rao"
        },
        {
            "id": "633cf6775e252f1f35bd24c5",
            "firstName": "kishan",
            "lastName": "rao"
        },
        {
            "id": "633cf6e55e252f3988bd2524",
            "firstName": "kishan",
            "lastName": "rao"
        },
        {
            "id": "633cf6ea5e252fb37cbd254e",
            "firstName": "kishan",
            "lastName": "rao"
        }
    ],
    "total": 93,
    "page": 0,
    "limit": 20
}
]]></system-out>
  <system-err><![CDATA[]]></system-err>
</testsuite>
