<?xml version="1.0" encoding="UTF-8"?>
<testsuite name="E2E.DummyAPI.Posts.GetAllPosts.GetAllPosts" tests="1" skipped="0" failures="0" errors="0" timestamp="2022-10-06T09:24:12" hostname="TestVagrants-MacBook-Pro.local" time="0.745">
  <properties/>
  <testcase name="getAllPosts" classname="E2E.DummyAPI.Posts.GetAllPosts.GetAllPosts" time="0.745"/>
  <system-out><![CDATA[{
    "data": [
        {
            "id": "633e9ebb5030242b90e419fe",
            "image": "http://placeimg.com/640/480",
            "likes": 0,
            "tags": [
                "dog",
                "animal",
                "husky"
            ],
            "text": "kishanSDET",
            "publishDate": "2022-10-06T09:24:11.104Z",
            "updatedDate": "2022-10-06T09:24:11.104Z",
            "owner": {
                "id": "633e8d7552b10b51d3b29986",
                "firstName": "Elenor",
                "lastName": "Klein"
            }
        },
        {
            "id": "633e9e2b29ad7a59a92d76bf",
            "image": "http://placeimg.com/640/480",
            "likes": 0,
            "tags": [
                "dog",
                "animal",
                "husky"
            ],
            "text": "kishanSDET",
            "publishDate": "2022-10-06T09:21:47.877Z",
            "updatedDate": "2022-10-06T09:21:47.877Z",
            "owner": {
                "id": "633e8d7552b10b51d3b29986",
                "firstName": "Elenor",
                "lastName": "Klein"
            }
        },
        {
            "id": "633e9db729ad7a01dd2d76b5",
            "image": "http://placeimg.com/640/480",
            "likes": 0,
            "tags": [
                "dog",
                "animal",
                "husky"
            ],
            "text": "kishanSDET",
            "publishDate": "2022-10-06T09:19:51.674Z",
            "updatedDate": "2022-10-06T09:19:51.674Z",
            "owner": {
                "id": "633e8d7552b10b51d3b29986",
                "firstName": "Elenor",
                "lastName": "Klein"
            }
        },
        {
            "id": "633e8d7852b10b4483b2998c",
            "image": "http://placeimg.com/640/480",
            "likes": 449,
            "tags": [
                "dog",
                "animal",
                "husky"
            ],
            "text": "assumenda",
            "publishDate": "2022-10-06T08:10:32.454Z",
            "updatedDate": "2022-10-06T08:10:32.454Z",
            "owner": {
                "id": "633e8d7552b10b51d3b29986",
                "firstName": "Elenor",
                "lastName": "Klein"
            }
        },
        {
            "id": "60d21be267d0d8992e610e52",
            "image": "https://img.dummyapi.io/photo-1580734075803-ac9cdb54fb03.jpg",
            "likes": 3,
            "tags": [
                "dog",
                "canine",
                "animal"
            ],
            "text": "Majestic looking dog on a lake white and brown sho...",
            "publishDate": "2020-05-21T15:15:02.703Z",
            "owner": {
                "id": "60d0fe4f5311236168a109e3",
                "title": "mr",
                "firstName": "Vetle",
                "lastName": "Aasland",
                "picture": "https://randomuser.me/api/portraits/med/men/97.jpg"
            }
        },
        {
            "id": "60d21b3667d0d8992e610c56",
            "image": "https://img.dummyapi.io/photo-1558556249-076e42967a24.jpg",
            "likes": 27,
            "tags": [
                "dog",
                "animal",
                "canine"
            ],
            "text": "two puppies next to each other",
            "publishDate": "2020-05-21T07:03:58.248Z",
            "owner": {
                "id": "60d0fe4f5311236168a10a1a",
                "title": "mr",
                "firstName": "Vaino",
                "lastName": "Sakala",
                "picture": "https://randomuser.me/api/portraits/med/men/56.jpg"
            }
        },
        {
            "id": "60d21b0767d0d8992e610bcf",
            "image": "https://img.dummyapi.io/photo-1556526588-a0bd9b5a42c3.jpg",
            "likes": 54,
            "tags": [
                "canine",
                "dog",
                "pet"
            ],
            "text": "two white dogs",
            "publishDate": "2020-05-21T02:10:33.421Z",
            "owner": {
                "id": "60d0fe4f5311236168a109fa",
                "title": "ms",
                "firstName": "Ann",
                "lastName": "Mason",
                "picture": "https://randomuser.me/api/portraits/med/women/18.jpg"
            }
        },
        {
            "id": "60d21afd67d0d8992e610bad",
            "image": "https://img.dummyapi.io/photo-1575495679620-2ff225c75d5a.jpg",
            "likes": 20,
            "tags": [
                "pet",
                "animal",
                "mammal"
            ],
            "text": "A picture of my golden doodle, Yogi Bear white dog",
            "publishDate": "2020-05-20T21:49:33.321Z",
            "owner": {
                "id": "60d0fe4f5311236168a10a2c",
                "title": "mr",
                "firstName": "Toralf",
                "lastName": "Streicher",
                "picture": "https://randomuser.me/api/portraits/med/men/80.jpg"
            }
        },
        {
            "id": "60d21b0467d0d8992e610bc5",
            "image": "https://img.dummyapi.io/photo-1549937334-e94f33e69787.jpg",
            "likes": 5,
            "tags": [
                "dog",
                "pet",
                "mammal"
            ],
            "text": "long-coated brown dog",
            "publishDate": "2020-05-20T21:00:40.371Z",
            "owner": {
                "id": "60d0fe4f5311236168a10a0d",
                "title": "mr",
                "firstName": "Lyam",
                "lastName": "Morin",
                "picture": "https://randomuser.me/api/portraits/med/men/95.jpg"
            }
        },
        {
            "id": "60d21bf367d0d8992e610e88",
            "image": "https://img.dummyapi.io/photo-1564849444446-f876dcef378e.jpg",
            "likes": 40,
            "tags": [
                "plant",
                "mammal",
                "pet"
            ],
            "text": "A feral cat short-fur gray and orange cat on green...",
            "publishDate": "2020-05-20T18:51:23.478Z",
            "owner": {
                "id": "60d0fe4f5311236168a109f4",
                "title": "mr",
                "firstName": "Benjamin",
                "lastName": "Holland",
                "picture": "https://randomuser.me/api/portraits/med/men/58.jpg"
            }
        },
        {
            "id": "60d21bbf67d0d8992e610de6",
            "image": "https://img.dummyapi.io/photo-1504208434309-cb69f4fe52b0.jpg",
            "likes": 2225,
            "tags": [
                "dog",
                "animal",
                "nature"
            ],
            "text": "Beautiful dog in most photographed place in Canada...",
            "publishDate": "2020-05-20T04:57:33.445Z",
            "owner": {
                "id": "60d0fe4f5311236168a10a12",
                "title": "mr",
                "firstName": "Kenneth",
                "lastName": "Carter",
                "picture": "https://randomuser.me/api/portraits/med/men/40.jpg"
            }
        },
        {
            "id": "60d21b7d67d0d8992e610d27",
            "image": "https://img.dummyapi.io/photo-1546975554-31053113e977.jpg",
            "likes": 77,
            "tags": [
                "dog",
                "leaf",
                "plant"
            ],
            "text": "white dog on ground",
            "publishDate": "2020-05-19T08:26:29.436Z",
            "owner": {
                "id": "60d0fe4f5311236168a109d9",
                "title": "ms",
                "firstName": "Nuria",
                "lastName": "Leon",
                "picture": "https://randomuser.me/api/portraits/med/women/93.jpg"
            }
        },
        {
            "id": "60d21b7f67d0d8992e610d2b",
            "image": "https://img.dummyapi.io/photo-1577849304422-d019fdd6f29f.jpg",
            "likes": 25,
            "tags": [
                "dog",
                "animal",
                "canine"
            ],
            "text": "Dogs black and brown Yorkshire Terrier",
            "publishDate": "2020-05-19T02:55:23.015Z",
            "owner": {
                "id": "60d0fe4f5311236168a109e3",
                "title": "mr",
                "firstName": "Vetle",
                "lastName": "Aasland",
                "picture": "https://randomuser.me/api/portraits/med/men/97.jpg"
            }
        },
        {
            "id": "60d21bd367d0d8992e610e25",
            "image": "https://img.dummyapi.io/photo-1556877986-d40833ec88b4.jpg",
            "likes": 6,
            "tags": [
                "dog",
                "canine",
                "animal"
            ],
            "text": "Being a proud owner of a frenchie... That means lo...",
            "publishDate": "2020-05-19T02:16:25.689Z",
            "owner": {
                "id": "60d0fe4f5311236168a109d4",
                "title": "mr",
                "firstName": "Valentin",
                "lastName": "Ortega",
                "picture": "https://randomuser.me/api/portraits/med/men/3.jpg"
            }
        },
        {
            "id": "60d21bcf67d0d8992e610e16",
            "image": "https://img.dummyapi.io/photo-1562221440-aba53beefed2.jpg",
            "likes": 45,
            "tags": [
                "dog",
                "animal",
                "canine"
            ],
            "text": "person touching dog's head",
            "publishDate": "2020-05-18T21:14:50.181Z",
            "owner": {
                "id": "60d0fe4f5311236168a10a2b",
                "title": "mrs",
                "firstName": "Angelica",
                "lastName": "Roussel",
                "picture": "https://randomuser.me/api/portraits/med/women/53.jpg"
            }
        },
        {
            "id": "60d21b4667d0d8992e610c87",
            "image": "https://img.dummyapi.io/photo-1583381872273-a4a9e8d157ab.jpg",
            "likes": 6,
            "tags": [
                "dog",
                "animal",
                "canine"
            ],
            "text": "My dog Cody looking super excited.  brown short co...",
            "publishDate": "2020-05-18T15:52:46.051Z",
            "owner": {
                "id": "60d0fe4f5311236168a10a28",
                "title": "miss",
                "firstName": "OcÃ©ane",
                "lastName": "Denis",
                "picture": "https://randomuser.me/api/portraits/med/women/51.jpg"
            }
        },
        {
            "id": "60d21bbe67d0d8992e610de4",
            "image": "https://img.dummyapi.io/photo-1582835173528-d2d1ecb87ab6.jpg",
            "likes": 8,
            "tags": [
                "dog",
                "animal",
                "canine"
            ],
            "text": "white black and brown long coated small dog",
            "publishDate": "2020-05-18T15:43:41.918Z",
            "owner": {
                "id": "60d0fe4f5311236168a10a14",
                "title": "mr",
                "firstName": "Cameron",
                "lastName": "Mendoza",
                "picture": "https://randomuser.me/api/portraits/med/men/95.jpg"
            }
        },
        {
            "id": "60d21b7f67d0d8992e610d2c",
            "image": "https://img.dummyapi.io/photo-1536809188428-e8ecf663d0be.jpg",
            "likes": 149,
            "tags": [
                "dog",
                "animal",
                "canine"
            ],
            "text": "Sun Bathing adult gold golden retriever lying on f...",
            "publishDate": "2020-05-17T20:54:33.648Z",
            "owner": {
                "id": "60d0fe4f5311236168a10a10",
                "title": "mr",
                "firstName": "Nenad",
                "lastName": "Leroy",
                "picture": "https://randomuser.me/api/portraits/med/men/62.jpg"
            }
        },
        {
            "id": "60d21be767d0d8992e610e63",
            "image": "https://img.dummyapi.io/photo-1575852495205-c3dc13f32d8c.jpg",
            "likes": 9,
            "tags": [
                "dog",
                "human",
                "person"
            ],
            "text": "Engagement photos at the north campus at Universit...",
            "publishDate": "2020-05-17T15:32:45.012Z",
            "owner": {
                "id": "60d0fe4f5311236168a10a2a",
                "title": "mrs",
                "firstName": "Susie",
                "lastName": "Harrison",
                "picture": "https://randomuser.me/api/portraits/med/women/20.jpg"
            }
        },
        {
            "id": "60d21b6467d0d8992e610ce0",
            "image": "https://img.dummyapi.io/photo-1548658166-136d9f6a7e76.jpg",
            "likes": 501,
            "tags": [
                "dog",
                "animal",
                "canine"
            ],
            "text": "yawning white and brown short coated puppy",
            "publishDate": "2020-05-17T10:43:24.011Z",
            "owner": {
                "id": "60d0fe4f5311236168a109d1",
                "title": "mr",
                "firstName": "Kent",
                "lastName": "Brewer",
                "picture": "https://randomuser.me/api/portraits/med/men/52.jpg"
            }
        }
    ],
    "total": 784,
    "page": 0,
    "limit": 20
}
]]></system-out>
  <system-err><![CDATA[]]></system-err>
</testsuite>
