<?xml version="1.0" encoding="UTF-8"?>
<testsuite name="Capstone.DummyAPI.Posts.CreateNewPost.CreateNewPost" tests="1" skipped="0" failures="0" errors="0" timestamp="2022-10-12T05:20:46" hostname="TestVagrants-MacBook-Pro.local" time="0.46">
  <properties/>
  <testcase name="createNewPost" classname="Capstone.DummyAPI.Posts.CreateNewPost.CreateNewPost" time="0.46"/>
  <system-out><![CDATA[{
    "id": "63464eaf9c8fd86239d7b4ba",
    "image": "http://placeimg.com/640/480",
    "likes": 0,
    "link": "",
    "tags": [
        "dog",
        "animal",
        "husky"
    ],
    "text": "kishanSDET",
    "publishDate": "2022-10-12T05:20:47.252Z",
    "updatedDate": "2022-10-12T05:20:47.252Z",
    "owner": {
        "id": "60d0fe4f5311236168a109fe",
        "title": "mr",
        "firstName": "AndrÃ©",
        "lastName": "Robert",
        "picture": "https://randomuser.me/api/portraits/med/men/9.jpg"
    }
}
]]></system-out>
  <system-err><![CDATA[]]></system-err>
</testsuite>
