<?xml version="1.0" encoding="UTF-8"?>
<testsuite name="Capstone.DummyAPI.Posts.GetPostById.GetPostById" tests="1" skipped="0" failures="0" errors="0" timestamp="2022-10-12T05:20:48" hostname="TestVagrants-MacBook-Pro.local" time="0.963">
  <properties/>
  <testcase name="getPostById" classname="Capstone.DummyAPI.Posts.GetPostById.GetPostById" time="0.963"/>
  <system-out><![CDATA[]]></system-out>
  <system-err><![CDATA[]]></system-err>
</testsuite>
