<?xml version="1.0" encoding="UTF-8"?>
<testsuite name="User.CreateNewUser.createNewUserWithValidEmail" tests="1" skipped="0" failures="0" errors="0" timestamp="2022-10-05T17:26:13" hostname="TestVagrants-MacBook-Pro.local" time="0.997">
  <properties/>
  <testcase name="CreateNewUser" classname="User.CreateNewUser.createNewUserWithValidEmail" time="0.997"/>
  <system-out><![CDATA[{
    "id": "633dbe35cbc5eab5baffa0f5",
    "firstName": "kishan",
    "lastName": "rao",
    "email": "6afbe21e-ad2f-4ce1-9741-af2e105d2765@gmail.com",
    "registerDate": "2022-10-05T17:26:13.985Z",
    "updatedDate": "2022-10-05T17:26:13.985Z"
}
]]></system-out>
  <system-err><![CDATA[]]></system-err>
</testsuite>
