<?xml version="1.0" encoding="UTF-8"?>
<testsuite name="Capstone.DummyAPI.Posts.DeletePostByValidId.DeletePostById" tests="1" skipped="0" failures="0" errors="0" timestamp="2022-10-12T05:20:47" hostname="TestVagrants-MacBook-Pro.local" time="1.083">
  <properties/>
  <testcase name="deletePostById" classname="Capstone.DummyAPI.Posts.DeletePostByValidId.DeletePostById" time="1.083"/>
  <system-out><![CDATA[]]></system-out>
  <system-err><![CDATA[]]></system-err>
</testsuite>
