<?xml version="1.0" encoding="UTF-8"?>
<testsuite name="E2E.DummyAPI.Users.CreateUserWithValidEmail.CreateUserWithValidEmail" tests="1" skipped="0" failures="0" errors="0" timestamp="2022-10-07T12:07:05" hostname="TestVagrants-MacBook-Pro.local" time="0.352">
  <properties/>
  <testcase name="createNewUser" classname="E2E.DummyAPI.Users.CreateUserWithValidEmail.CreateUserWithValidEmail" time="0.352"/>
  <system-out><![CDATA[]]></system-out>
  <system-err><![CDATA[]]></system-err>
</testsuite>
