<?xml version="1.0" encoding="UTF-8"?>
<testsuite name="E2E.DummyAPI.Users.GetAllUsers.GetAllUsers" tests="1" skipped="0" failures="0" errors="0" timestamp="2022-10-10T08:05:24" hostname="TestVagrants-MacBook-Pro.local" time="0.403">
  <properties/>
  <testcase name="getAllUsers" classname="E2E.DummyAPI.Users.GetAllUsers.GetAllUsers" time="0.403"/>
  <system-out><![CDATA[{
    "data": [
        {
            "id": "60d0fe4f5311236168a109ec",
            "title": "mr",
            "firstName": "Lucas",
            "lastName": "Larsen",
            "picture": "https://randomuser.me/api/portraits/med/men/50.jpg"
        },
        {
            "id": "60d0fe4f5311236168a109ed",
            "title": "miss",
            "firstName": "Kayla",
            "lastName": "Bredesen",
            "picture": "https://randomuser.me/api/portraits/med/women/13.jpg"
        },
        {
            "id": "60d0fe4f5311236168a109ee",
            "title": "mrs",
            "firstName": "Beatriz",
            "lastName": "Gutierrez",
            "picture": "https://randomuser.me/api/portraits/med/women/31.jpg"
        },
        {
            "id": "60d0fe4f5311236168a109ef",
            "title": "miss",
            "firstName": "Melanie",
            "lastName": "Pilz",
            "picture": "https://randomuser.me/api/portraits/med/women/32.jpg"
        },
        {
            "id": "60d0fe4f5311236168a109f0",
            "title": "mr",
            "firstName": "Wouter-Jan",
            "lastName": "Wijnker",
            "picture": "https://randomuser.me/api/portraits/med/men/67.jpg"
        },
        {
            "id": "60d0fe4f5311236168a109f2",
            "title": "mr",
            "firstName": "Albert",
            "lastName": "Diez",
            "picture": "https://randomuser.me/api/portraits/med/men/73.jpg"
        },
        {
            "id": "60d0fe4f5311236168a109f3",
            "title": "mr",
            "firstName": "Donald",
            "lastName": "Hopkins",
            "picture": "https://randomuser.me/api/portraits/med/men/73.jpg"
        },
        {
            "id": "60d0fe4f5311236168a109f4",
            "title": "mr",
            "firstName": "Benjamin",
            "lastName": "Holland",
            "picture": "https://randomuser.me/api/portraits/med/men/58.jpg"
        },
        {
            "id": "60d0fe4f5311236168a109f5",
            "title": "ms",
            "firstName": "Charlotte",
            "lastName": "Legrand",
            "picture": "https://randomuser.me/api/portraits/med/women/77.jpg"
        },
        {
            "id": "60d0fe4f5311236168a109f6",
            "title": "miss",
            "firstName": "Madison",
            "lastName": "Ambrose",
            "picture": "https://randomuser.me/api/portraits/med/women/15.jpg"
        }
    ],
    "total": 181,
    "page": 0,
    "limit": 10
}
]]></system-out>
  <system-err><![CDATA[]]></system-err>
</testsuite>
