<?xml version="1.0" encoding="UTF-8"?>
<testsuite name="E2E.DummyAPI.Users.DeleteUser.DeleteUserById" tests="1" skipped="0" failures="0" errors="0" timestamp="2022-10-10T08:05:23" hostname="TestVagrants-MacBook-Pro.local" time="0.811">
  <properties/>
  <testcase name="deleteUserById" classname="E2E.DummyAPI.Users.DeleteUser.DeleteUserById" time="0.811"/>
  <system-out><![CDATA[{
    "id": "60d0fe4f5311236168a109eb"
}
]]></system-out>
  <system-err><![CDATA[]]></system-err>
</testsuite>
