<?xml version="1.0" encoding="UTF-8"?>
<testsuite name="Capstone.DummyAPI.Users.GetAllUserUnderYourAccount.GetAllUsersUnderYourAccount" tests="1" skipped="0" failures="0" errors="0" timestamp="2022-10-12T05:20:51" hostname="TestVagrants-MacBook-Pro.local" time="0.425">
  <properties/>
  <testcase name="getAllUsersUnderYouAccount" classname="Capstone.DummyAPI.Users.GetAllUserUnderYourAccount.GetAllUsersUnderYourAccount" time="0.425"/>
  <system-out><![CDATA[]]></system-out>
  <system-err><![CDATA[]]></system-err>
</testsuite>
