<?xml version="1.0" encoding="UTF-8"?>
<testsuite name="E2E.DummyAPI.Users.GetAllUserUnderYourAccount.GetAllUsersUnderYourAccount" tests="1" skipped="0" failures="0" errors="0" timestamp="2022-10-07T12:07:06" hostname="TestVagrants-MacBook-Pro.local" time="0.354">
  <properties/>
  <testcase name="getAllUsersUnderYouAccount" classname="E2E.DummyAPI.Users.GetAllUserUnderYourAccount.GetAllUsersUnderYourAccount" time="0.354"/>
  <system-out><![CDATA[]]></system-out>
  <system-err><![CDATA[]]></system-err>
</testsuite>
