<?xml version="1.0" encoding="UTF-8"?>
<testsuite name="E2E.DummyAPI.Posts.DeletePostByValidId.DeletePostById" tests="1" skipped="0" failures="0" errors="0" timestamp="2022-10-07T12:07:02" hostname="TestVagrants-MacBook-Pro.local" time="0.993">
  <properties/>
  <testcase name="deletePostById" classname="E2E.DummyAPI.Posts.DeletePostByValidId.DeletePostById" time="0.993"/>
  <system-out><![CDATA[{
    "id": "634016664887a27887c1a704"
}
]]></system-out>
  <system-err><![CDATA[]]></system-err>
</testsuite>
