<?xml version="1.0" encoding="UTF-8"?>
<testsuite name="E2E.DummyAPI.Posts.CreateNewPost.CreateNewPost" tests="1" skipped="0" failures="0" errors="0" timestamp="2022-10-07T12:06:59" hostname="TestVagrants-MacBook-Pro.local" time="2.497">
  <properties/>
  <testcase name="createNewPost" classname="E2E.DummyAPI.Posts.CreateNewPost.CreateNewPost" time="2.497"/>
  <system-out><![CDATA[{
    "id": "634016664887a27887c1a704",
    "image": "http://placeimg.com/640/480",
    "likes": 0,
    "link": "",
    "tags": [
        "dog",
        "animal",
        "husky"
    ],
    "text": "kishanSDET",
    "publishDate": "2022-10-07T12:07:02.168Z",
    "updatedDate": "2022-10-07T12:07:02.168Z",
    "owner": {
        "id": "60d0fe4f5311236168a109e8",
        "title": "mrs",
        "firstName": "Cecilie",
        "lastName": "Mortensen",
        "picture": "https://randomuser.me/api/portraits/med/women/56.jpg"
    }
}
]]></system-out>
  <system-err><![CDATA[]]></system-err>
</testsuite>
