<?xml version="1.0" encoding="UTF-8"?>
<testsuite name="Capstone.DummyAPI.Users.CreateUserWithEmail.CreateUserWithValidEmail" tests="1" skipped="0" failures="0" errors="0" timestamp="2022-10-12T05:20:50" hostname="TestVagrants-MacBook-Pro.local" time="0.356">
  <properties/>
  <testcase name="createNewUser" classname="Capstone.DummyAPI.Users.CreateUserWithEmail.CreateUserWithValidEmail" time="0.356"/>
  <system-out><![CDATA[]]></system-out>
  <system-err><![CDATA[]]></system-err>
</testsuite>
