<?xml version="1.0" encoding="UTF-8"?>
<testsuite name="Capstone.DummyAPI.E2E.EndToEndTestCases" tests="1" skipped="0" failures="0" errors="0" timestamp="2022-10-12T05:20:41" hostname="TestVagrants-MacBook-Pro.local" time="5.399">
  <properties/>
  <testcase name="end2EndTestsCases" classname="Capstone.DummyAPI.E2E.EndToEndTestCases" time="5.399"/>
  <system-out><![CDATA[Body:
{
    "firstName": "kishan",
    "lastName": "rao",
    "email": "5ea00287-c0d0-49a3-b961-9228b5b9c3ab@gmail.com"
}
{
    "id": "63464ead9c8fd8b3c4d7b4a5",
    "image": "randomImageLink.com",
    "likes": 0,
    "link": "",
    "tags": [
        "dog",
        "animal",
        "husky"
    ],
    "text": "Random text for the post",
    "publishDate": "2022-10-12T05:20:45.353Z",
    "updatedDate": "2022-10-12T05:20:45.353Z",
    "owner": {
        "id": "63464eac9c8fd806d7d7b49f",
        "firstName": "kishan",
        "lastName": "rao"
    }
}
{
    "id": "63464eac9c8fd806d7d7b49f"
}
]]></system-out>
  <system-err><![CDATA[]]></system-err>
</testsuite>
