<?xml version="1.0" encoding="UTF-8"?>
<testsuite name="Capstone.DummyAPI.Users.DeleteUser.DeleteUserById" tests="1" skipped="0" failures="0" errors="0" timestamp="2022-10-12T05:20:50" hostname="TestVagrants-MacBook-Pro.local" time="0.957">
  <properties/>
  <testcase name="deleteUserById" classname="Capstone.DummyAPI.Users.DeleteUser.DeleteUserById" time="0.957"/>
  <system-out><![CDATA[{
    "id": "60d0fe4f5311236168a109fd"
}
]]></system-out>
  <system-err><![CDATA[]]></system-err>
</testsuite>
