<?xml version="1.0" encoding="UTF-8"?>
<testsuite name="E2E.DummyAPI.Posts.GetPostById.GetPostById" tests="1" skipped="0" failures="0" errors="0" timestamp="2022-10-10T08:05:21" hostname="TestVagrants-MacBook-Pro.local" time="0.977">
  <properties/>
  <testcase name="getPostById" classname="E2E.DummyAPI.Posts.GetPostById.GetPostById" time="0.977"/>
  <system-out><![CDATA[]]></system-out>
  <system-err><![CDATA[]]></system-err>
</testsuite>
