<?xml version="1.0" encoding="UTF-8"?>
<!-- Generated by org.testng.reporters.JUnitReportReporter -->
<testsuite hostname="TestVagrants-MacBook-Pro.local" failures="0" tests="1" name="User.CreateNewUser.createNewUser" time="2.412" errors="0" timestamp="2022-10-05T08:44:07 IST" skipped="0">
  <testcase classname="User.CreateNewUser.createNewUser" name="CreateNewUser" time="2.412"/>
  <system-out/>
</testsuite> <!-- User.CreateNewUser.createNewUser -->
