<?xml version="1.0" encoding="UTF-8"?>
<!-- Generated by org.testng.reporters.JUnitReportReporter -->
<testsuite hostname="TestVagrants-MacBook-Pro.local" failures="0" tests="1" name="Post.GetPostById.getPostByValidId" time="1.205" errors="0" timestamp="2022-10-05T10:46:08 IST" skipped="0">
  <testcase classname="Post.GetPostById.getPostByValidId" name="GetPostById" time="1.205"/>
  <system-out/>
</testsuite> <!-- Post.GetPostById.getPostByValidId -->
