<?xml version="1.0" encoding="UTF-8"?>
<!-- Generated by org.testng.reporters.JUnitReportReporter -->
<testsuite hostname="TestVagrants-MacBook-Pro.local" failures="0" tests="1" name="Post.GetAllPosts.getAllPostDetails" time="2.093" errors="0" timestamp="2022-10-05T22:56:21 IST" skipped="0">
  <testcase classname="Post.GetAllPosts.getAllPostDetails" name="GetAllPostDetail" time="2.093"/>
  <system-out/>
</testsuite> <!-- Post.GetAllPosts.getAllPostDetails -->
