<?xml version="1.0" encoding="UTF-8"?>
<!-- Generated by org.testng.reporters.JUnitReportReporter -->
<testsuite hostname="TestVagrants-MacBook-Pro.local" failures="0" tests="1" name="User.CreateNewUser.createNewUserWithDuplicateEmail" time="1.203" errors="0" timestamp="2022-10-05T22:56:21 IST" skipped="0">
  <testcase classname="User.CreateNewUser.createNewUserWithDuplicateEmail" name="CreateNewUser" time="1.203"/>
  <system-out/>
</testsuite> <!-- User.CreateNewUser.createNewUserWithDuplicateEmail -->
