<?xml version="1.0" encoding="UTF-8"?>
<!-- Generated by org.testng.reporters.JUnitReportReporter -->
<testsuite hostname="TestVagrants-MacBook-Pro.local" failures="0" tests="1" name="User.GetAllUserDetails.getAllUserDetailsWithValidAppId" time="0.566" errors="0" timestamp="2022-10-05T22:56:21 IST" skipped="0">
  <testcase classname="User.GetAllUserDetails.getAllUserDetailsWithValidAppId" name="GetAllUsersDetail" time="0.566"/>
  <system-out/>
</testsuite> <!-- User.GetAllUserDetails.getAllUserDetailsWithValidAppId -->
